e:\粤嵌\vs代码\趣味编程问题\debug\vc142.pdb
e:\粤嵌\vs代码\趣味编程问题\debug\vc142.idb
e:\粤嵌\vs代码\趣味编程问题\debug\百钱白鸡问题优化.obj
e:\粤嵌\vs代码\趣味编程问题\debug\01百钱白鸡问题.obj
e:\粤嵌\vs代码\趣味编程问题\debug\02百钱白鸡问题优化.obj
e:\粤嵌\vs代码\趣味编程问题\debug\04.obj
e:\粤嵌\vs代码\趣味编程问题\debug\03借书问题.obj
e:\粤嵌\vs代码\趣味编程问题\debug\04借书问题优化.obj
e:\粤嵌\vs代码\趣味编程问题\debug\06打鱼还是晒网问题优化.obj
e:\粤嵌\vs代码\趣味编程问题\debug\05打鱼还是晒网问题.obj
e:\粤嵌\vs代码\趣味编程问题\debug\07抓交通肇事犯.obj
e:\粤嵌\vs代码\趣味编程问题\debug\08兔子产子问题.obj
e:\粤嵌\vs代码\冒泡排序\debug\趣味编程问题.exe
e:\粤嵌\vs代码\冒泡排序\debug\趣味编程问题.ilk
e:\粤嵌\vs代码\冒泡排序\debug\趣味编程问题.pdb
e:\粤嵌\vs代码\趣味编程问题\debug\趣味编程问题.tlog\cl.command.1.tlog
e:\粤嵌\vs代码\趣味编程问题\debug\趣味编程问题.tlog\cl.read.1.tlog
e:\粤嵌\vs代码\趣味编程问题\debug\趣味编程问题.tlog\cl.write.1.tlog
e:\粤嵌\vs代码\趣味编程问题\debug\趣味编程问题.tlog\link.13684-cvtres.read.1.tlog
e:\粤嵌\vs代码\趣味编程问题\debug\趣味编程问题.tlog\link.13684-cvtres.write.1.tlog
e:\粤嵌\vs代码\趣味编程问题\debug\趣味编程问题.tlog\link.13684-rc.read.1.tlog
e:\粤嵌\vs代码\趣味编程问题\debug\趣味编程问题.tlog\link.13684-rc.write.1.tlog
e:\粤嵌\vs代码\趣味编程问题\debug\趣味编程问题.tlog\link.13684.read.1.tlog
e:\粤嵌\vs代码\趣味编程问题\debug\趣味编程问题.tlog\link.13684.write.1.tlog
e:\粤嵌\vs代码\趣味编程问题\debug\趣味编程问题.tlog\link.command.1.tlog
e:\粤嵌\vs代码\趣味编程问题\debug\趣味编程问题.tlog\link.read.1.tlog
e:\粤嵌\vs代码\趣味编程问题\debug\趣味编程问题.tlog\link.write.1.tlog
