e:\粤嵌\vs代码\学生成绩管理系统\debug\vc142.pdb
e:\粤嵌\vs代码\学生成绩管理系统\debug\vc142.idb
e:\粤嵌\vs代码\学生成绩管理系统\debug\look_p.obj
e:\粤嵌\vs代码\学生成绩管理系统\debug\muen.obj
e:\粤嵌\vs代码\学生成绩管理系统\debug\main.obj
e:\粤嵌\vs代码\学生成绩管理系统\debug\get_once.obj
e:\粤嵌\vs代码\学生成绩管理系统\debug\get_len.obj
e:\粤嵌\vs代码\学生成绩管理系统\debug\delete_p.obj
e:\粤嵌\vs代码\学生成绩管理系统\debug\add_p.obj
e:\粤嵌\vs代码\冒泡排序\debug\学生成绩管理系统.pdb
e:\粤嵌\vs代码\学生成绩管理系统\debug\学生成绩管理系统.tlog\cl.command.1.tlog
e:\粤嵌\vs代码\学生成绩管理系统\debug\学生成绩管理系统.tlog\cl.read.1.tlog
e:\粤嵌\vs代码\学生成绩管理系统\debug\学生成绩管理系统.tlog\cl.write.1.tlog
e:\粤嵌\vs代码\学生成绩管理系统\debug\学生成绩管理系统.tlog\link-cvtres.read.1.tlog
e:\粤嵌\vs代码\学生成绩管理系统\debug\学生成绩管理系统.tlog\link-cvtres.write.1.tlog
e:\粤嵌\vs代码\学生成绩管理系统\debug\学生成绩管理系统.tlog\link-rc.read.1.tlog
e:\粤嵌\vs代码\学生成绩管理系统\debug\学生成绩管理系统.tlog\link-rc.write.1.tlog
e:\粤嵌\vs代码\学生成绩管理系统\debug\学生成绩管理系统.tlog\link.13224-cvtres.read.1.tlog
e:\粤嵌\vs代码\学生成绩管理系统\debug\学生成绩管理系统.tlog\link.13224-cvtres.write.1.tlog
e:\粤嵌\vs代码\学生成绩管理系统\debug\学生成绩管理系统.tlog\link.13224-rc.read.1.tlog
e:\粤嵌\vs代码\学生成绩管理系统\debug\学生成绩管理系统.tlog\link.13224-rc.write.1.tlog
e:\粤嵌\vs代码\学生成绩管理系统\debug\学生成绩管理系统.tlog\link.13224.read.1.tlog
e:\粤嵌\vs代码\学生成绩管理系统\debug\学生成绩管理系统.tlog\link.13224.write.1.tlog
e:\粤嵌\vs代码\学生成绩管理系统\debug\学生成绩管理系统.tlog\link.command.1.tlog
e:\粤嵌\vs代码\学生成绩管理系统\debug\学生成绩管理系统.tlog\link.read.1.tlog
e:\粤嵌\vs代码\学生成绩管理系统\debug\学生成绩管理系统.tlog\link.write.1.tlog
