d:\qt5book\qt5.15samples2023\chap01introduction\samp1_2msvc\samp1_2msvc\x64\release\samp1_2.obj
d:\qt5book\qt5.15samples2023\chap01introduction\samp1_2msvc\samp1_2msvc\x64\release\main.obj
d:\qt5book\qt5.15samples2023\chap01introduction\samp1_2msvc\samp1_2msvc\x64\release\moc_samp1_2.obj
d:\qt5book\qt5.15samples2023\chap01introduction\samp1_2msvc\samp1_2msvc\x64\release\qrc_samp1_2.obj
d:\qt5book\qt5.15samples2023\chap01introduction\samp1_2msvc\x64\release\samp1_2msvc.exe
d:\qt5book\qt5.15samples2023\chap01introduction\samp1_2msvc\samp1_2msvc\x64\release\moc\moc_samp1_2.cpp
d:\qt5book\qt5.15samples2023\chap01introduction\samp1_2msvc\samp1_2msvc\x64\release\rcc\qrc_samp1_2.cpp
d:\qt5book\qt5.15samples2023\chap01introduction\samp1_2msvc\samp1_2msvc\x64\release\uic\ui_samp1_2.h
d:\qt5book\qt5.15samples2023\chap01introduction\samp1_2msvc\samp1_2msvc\x64\release\samp1_2msvc.tlog\cl.14108.write.1.tlog
d:\qt5book\qt5.15samples2023\chap01introduction\samp1_2msvc\samp1_2msvc\x64\release\samp1_2msvc.tlog\cl.command.1.tlog
d:\qt5book\qt5.15samples2023\chap01introduction\samp1_2msvc\samp1_2msvc\x64\release\samp1_2msvc.tlog\cl.read.1.tlog
d:\qt5book\qt5.15samples2023\chap01introduction\samp1_2msvc\samp1_2msvc\x64\release\samp1_2msvc.tlog\link.command.1.tlog
d:\qt5book\qt5.15samples2023\chap01introduction\samp1_2msvc\samp1_2msvc\x64\release\samp1_2msvc.tlog\link.read.1.tlog
d:\qt5book\qt5.15samples2023\chap01introduction\samp1_2msvc\samp1_2msvc\x64\release\samp1_2msvc.tlog\link.write.1.tlog
d:\qt5book\qt5.15samples2023\chap01introduction\samp1_2msvc\samp1_2msvc\x64\release\samp1_2msvc.tlog\moc.read.1u.tlog
d:\qt5book\qt5.15samples2023\chap01introduction\samp1_2msvc\samp1_2msvc\x64\release\samp1_2msvc.tlog\moc.write.1u.tlog
d:\qt5book\qt5.15samples2023\chap01introduction\samp1_2msvc\samp1_2msvc\x64\release\samp1_2msvc.tlog\rcc.read.1u.tlog
d:\qt5book\qt5.15samples2023\chap01introduction\samp1_2msvc\samp1_2msvc\x64\release\samp1_2msvc.tlog\rcc.write.1u.tlog
d:\qt5book\qt5.15samples2023\chap01introduction\samp1_2msvc\samp1_2msvc\x64\release\samp1_2msvc.tlog\samp1_2msvc.write.1u.tlog
d:\qt5book\qt5.15samples2023\chap01introduction\samp1_2msvc\samp1_2msvc\x64\release\samp1_2msvc.tlog\uic.read.1u.tlog
d:\qt5book\qt5.15samples2023\chap01introduction\samp1_2msvc\samp1_2msvc\x64\release\samp1_2msvc.tlog\uic.write.1u.tlog
